Turbo Assembler	 Version 4.1	    02/16/21 15:57:57	    Page 1
buff_i~1.asm



      1	0000			     .model tiny
      2	0000			     .code
      3				     org 100h
      4
      5	      =000A		     MAX_INP_LEN equ 10
      6
      7	0100  B4 0A		     Start:	     mov ah, 0ah
      8	0102  BA 0124r				     mov dx, offset Input
      9	0105  8B F2				     mov si, dx
     10	0107  C7 04 000A			     mov [si], MAX_INP_LEN
*Warning* buff_i~1.asm(10) Argument needs type override
     11	010B  CD 21				     int 21h
     12
     13	010D  B4 02				     mov ah, 02h
     14	010F  B2 0A				     mov dl, 0ah
     15	0111  CD 21				     int 21h
     16	0113  8A 54 01				     mov dl, [si + 1]
     17	0116  80 C2 30				     add dl, '0'
     18	0119  CD 21				     int 21h
     19
     20	011B  B4 01				     mov ah, 01h
     21	011D  CD 21				     int 21h
     22
     23	011F  B8 4C00			     term:   mov ax, 4c00h
     24	0122  CD 21				     int 21h
     25
     26	0124  0A*(??)		     Input:  db	MAX_INP_LEN dup	(?)
     27
     28				     end Start
Turbo Assembler	 Version 4.1	    02/16/21 15:57:57	    Page 2
Symbol Table




Symbol Name			  Type	 Value

??DATE				  Text	 "02/16/21"
??FILENAME			  Text	 "buff_i~1"
??TIME				  Text	 "15:57:57"
??VERSION			  Number 040A
@32BIT				  Text	 0
@CODE				  Text	 DGROUP
@CODESIZE			  Text	 0
@CPU				  Text	 0101H
@CURSEG				  Text	 _TEXT
@DATA				  Text	 DGROUP
@DATASIZE			  Text	 0
@FILENAME			  Text	 BUFF_I~1
@INTERFACE			  Text	 000H
@MODEL				  Text	 1
@STACK				  Text	 DGROUP
@WORDSIZE			  Text	 2
INPUT				  Near	 DGROUP:0124
MAX_INP_LEN			  Number 000A
START				  Near	 DGROUP:0100
TERM				  Near	 DGROUP:011F

Groups & Segments		  Bit Size Align  Combine Class

DGROUP				  Group
  _DATA				  16  0000 Word	  Public  DATA
  _TEXT				  16  012E Word	  Public  CODE
Turbo Assembler	 Version 4.1	    02/16/21 15:57:57	    Page 3
Error Summary



*Warning* buff_i~1.asm(10) Argument needs type override
